#-----------------------------------------------------------
# Vivado v2017.4 (64-bit)
# SW Build 2086221 on Fri Dec 15 20:55:39 MST 2017
# IP Build 2085800 on Fri Dec 15 22:25:07 MST 2017
# Start of session at: Sun Apr  8 13:11:26 2018
# Process ID: 19108
# Current directory: E:/MEngg Materials/Sem 1/Digital Systems and Microprocessors ENGN 6213/Assignment_Reaction_Timer/ReactionTimer
# Command line: vivado.exe -gui_launcher_event rodinguilauncherevent2176 E:\MEngg Materials\Sem 1\Digital Systems and Microprocessors ENGN 6213\Assignment_Reaction_Timer\ReactionTimer\ReactionTimer.xpr
# Log file: E:/MEngg Materials/Sem 1/Digital Systems and Microprocessors ENGN 6213/Assignment_Reaction_Timer/ReactionTimer/vivado.log
# Journal file: E:/MEngg Materials/Sem 1/Digital Systems and Microprocessors ENGN 6213/Assignment_Reaction_Timer/ReactionTimer\vivado.jou
#-----------------------------------------------------------
start_gui
open_project {E:/MEngg Materials/Sem 1/Digital Systems and Microprocessors ENGN 6213/Assignment_Reaction_Timer/ReactionTimer/ReactionTimer.xpr}
INFO: [ProjectBase 1-489] The host OS only allows 260 characters in a normal path. The project is stored in a path with more than 80 characters. If you experience issues with IP, Block Designs, or files not being found, please consider moving the project to a location with a shorter path. Alternately consider using the OS subst command to map part of the path to a drive letter.
Current project path is 'E:/MEngg Materials/Sem 1/Digital Systems and Microprocessors ENGN 6213/Assignment_Reaction_Timer/ReactionTimer'
Scanning sources...
Finished scanning sources
CRITICAL WARNING: [Project 1-564] A project save was requested while parsing the project. To prevent a partially loaded project from being committed to disk, this save will not occur.
INFO: [IP_Flow 19-234] Refreshing IP repositories
INFO: [IP_Flow 19-1704] No user IP repositories specified
INFO: [IP_Flow 19-2313] Loaded Vivado IP repository 'F:/Vivado/Vivado/2017.4/data/ip'.
open_project: Time (s): cpu = 00:00:18 ; elapsed = 00:00:09 . Memory (MB): peak = 807.883 ; gain = 129.645
update_compile_order -fileset sources_1
reset_run synth_1
WARNING: [Vivado 12-1017] Problems encountered:
1. Failed to delete one or more files in run directory E:/MEngg Materials/Sem 1/Digital Systems and Microprocessors ENGN 6213/Assignment_Reaction_Timer/ReactionTimer/ReactionTimer.runs/synth_1

launch_runs impl_1 -to_step write_bitstream -jobs 4
[Sun Apr  8 13:12:16 2018] Launched synth_1...
Run output will be captured here: E:/MEngg Materials/Sem 1/Digital Systems and Microprocessors ENGN 6213/Assignment_Reaction_Timer/ReactionTimer/ReactionTimer.runs/synth_1/runme.log
[Sun Apr  8 13:12:16 2018] Launched impl_1...
Run output will be captured here: E:/MEngg Materials/Sem 1/Digital Systems and Microprocessors ENGN 6213/Assignment_Reaction_Timer/ReactionTimer/ReactionTimer.runs/impl_1/runme.log
update_compile_order -fileset sources_1
reset_run synth_1
WARNING: [Vivado 12-1017] Problems encountered:
1. Failed to delete one or more files in run directory E:/MEngg Materials/Sem 1/Digital Systems and Microprocessors ENGN 6213/Assignment_Reaction_Timer/ReactionTimer/ReactionTimer.runs/synth_1

launch_runs impl_1 -to_step write_bitstream -jobs 4
[Sun Apr  8 13:13:28 2018] Launched synth_1...
Run output will be captured here: E:/MEngg Materials/Sem 1/Digital Systems and Microprocessors ENGN 6213/Assignment_Reaction_Timer/ReactionTimer/ReactionTimer.runs/synth_1/runme.log
[Sun Apr  8 13:13:28 2018] Launched impl_1...
Run output will be captured here: E:/MEngg Materials/Sem 1/Digital Systems and Microprocessors ENGN 6213/Assignment_Reaction_Timer/ReactionTimer/ReactionTimer.runs/impl_1/runme.log
open_hw
connect_hw_server
INFO: [Labtools 27-2285] Connecting to hw_server url TCP:localhost:3121
INFO: [Labtools 27-2222] Launching hw_server...
INFO: [Labtools 27-2221] Launch Output:

****** Xilinx hw_server v2017.4
  **** Build date : Dec 15 2017-21:08:27
    ** Copyright 1986-2017 Xilinx, Inc. All Rights Reserved.


open_hw_target
INFO: [Labtoolstcl 44-466] Opening hw_target localhost:3121/xilinx_tcf/Digilent/210183A6F5F6A
set_property PROGRAM.FILE {E:/MEngg Materials/Sem 1/Digital Systems and Microprocessors ENGN 6213/Assignment_Reaction_Timer/ReactionTimer/ReactionTimer.runs/impl_1/reaction_timer_top.bit} [get_hw_devices xc7a35t_0]
current_hw_device [get_hw_devices xc7a35t_0]
refresh_hw_device -update_hw_probes false [lindex [get_hw_devices xc7a35t_0] 0]
INFO: [Labtools 27-1434] Device xc7a35t (JTAG device index = 0) is programmed with a design that has no supported debug core(s) in it.
WARNING: [Labtools 27-3361] The debug hub core was not detected.
Resolution: 
1. Make sure the clock connected to the debug hub (dbg_hub) core is a free running clock and is active.
2. Make sure the BSCAN_SWITCH_USER_MASK device property in Vivado Hardware Manager reflects the user scan chain setting in the design and refresh the device.  To determine the user scan chain setting in the design, open the implemented design and use 'get_property C_USER_SCAN_CHAIN [get_debug_cores dbg_hub]'.
For more details on setting the scan chain property, consult the Vivado Debug and Programming User Guide (UG908).
set_property PROBES.FILE {} [get_hw_devices xc7a35t_0]
set_property FULL_PROBES.FILE {} [get_hw_devices xc7a35t_0]
set_property PROGRAM.FILE {E:/MEngg Materials/Sem 1/Digital Systems and Microprocessors ENGN 6213/Assignment_Reaction_Timer/ReactionTimer/ReactionTimer.runs/impl_1/reaction_timer_top.bit} [get_hw_devices xc7a35t_0]
program_hw_devices [get_hw_devices xc7a35t_0]
INFO: [Labtools 27-3164] End of startup status: HIGH
refresh_hw_device [lindex [get_hw_devices xc7a35t_0] 0]
INFO: [Labtools 27-1434] Device xc7a35t (JTAG device index = 0) is programmed with a design that has no supported debug core(s) in it.
WARNING: [Labtools 27-3361] The debug hub core was not detected.
Resolution: 
1. Make sure the clock connected to the debug hub (dbg_hub) core is a free running clock and is active.
2. Make sure the BSCAN_SWITCH_USER_MASK device property in Vivado Hardware Manager reflects the user scan chain setting in the design and refresh the device.  To determine the user scan chain setting in the design, open the implemented design and use 'get_property C_USER_SCAN_CHAIN [get_debug_cores dbg_hub]'.
For more details on setting the scan chain property, consult the Vivado Debug and Programming User Guide (UG908).
set_property PROBES.FILE {} [get_hw_devices xc7a35t_0]
set_property FULL_PROBES.FILE {} [get_hw_devices xc7a35t_0]
set_property PROGRAM.FILE {E:/MEngg Materials/Sem 1/Digital Systems and Microprocessors ENGN 6213/Assignment_Reaction_Timer/ReactionTimer/ReactionTimer.runs/impl_1/reaction_timer_top.bit} [get_hw_devices xc7a35t_0]
program_hw_devices [get_hw_devices xc7a35t_0]
INFO: [Labtools 27-3164] End of startup status: HIGH
refresh_hw_device [lindex [get_hw_devices xc7a35t_0] 0]
INFO: [Labtools 27-1434] Device xc7a35t (JTAG device index = 0) is programmed with a design that has no supported debug core(s) in it.
WARNING: [Labtools 27-3361] The debug hub core was not detected.
Resolution: 
1. Make sure the clock connected to the debug hub (dbg_hub) core is a free running clock and is active.
2. Make sure the BSCAN_SWITCH_USER_MASK device property in Vivado Hardware Manager reflects the user scan chain setting in the design and refresh the device.  To determine the user scan chain setting in the design, open the implemented design and use 'get_property C_USER_SCAN_CHAIN [get_debug_cores dbg_hub]'.
For more details on setting the scan chain property, consult the Vivado Debug and Programming User Guide (UG908).
reset_run synth_1
WARNING: [Vivado 12-1017] Problems encountered:
1. Failed to delete one or more files in run directory E:/MEngg Materials/Sem 1/Digital Systems and Microprocessors ENGN 6213/Assignment_Reaction_Timer/ReactionTimer/ReactionTimer.runs/synth_1

launch_runs impl_1 -to_step write_bitstream -jobs 4
[Sun Apr  8 13:20:58 2018] Launched synth_1...
Run output will be captured here: E:/MEngg Materials/Sem 1/Digital Systems and Microprocessors ENGN 6213/Assignment_Reaction_Timer/ReactionTimer/ReactionTimer.runs/synth_1/runme.log
[Sun Apr  8 13:20:58 2018] Launched impl_1...
Run output will be captured here: E:/MEngg Materials/Sem 1/Digital Systems and Microprocessors ENGN 6213/Assignment_Reaction_Timer/ReactionTimer/ReactionTimer.runs/impl_1/runme.log
set_property PROBES.FILE {} [get_hw_devices xc7a35t_0]
set_property FULL_PROBES.FILE {} [get_hw_devices xc7a35t_0]
set_property PROGRAM.FILE {E:/MEngg Materials/Sem 1/Digital Systems and Microprocessors ENGN 6213/Assignment_Reaction_Timer/ReactionTimer/ReactionTimer.runs/impl_1/reaction_timer_top.bit} [get_hw_devices xc7a35t_0]
program_hw_devices [get_hw_devices xc7a35t_0]
INFO: [Labtools 27-3164] End of startup status: HIGH
refresh_hw_device [lindex [get_hw_devices xc7a35t_0] 0]
INFO: [Labtools 27-1434] Device xc7a35t (JTAG device index = 0) is programmed with a design that has no supported debug core(s) in it.
WARNING: [Labtools 27-3361] The debug hub core was not detected.
Resolution: 
1. Make sure the clock connected to the debug hub (dbg_hub) core is a free running clock and is active.
2. Make sure the BSCAN_SWITCH_USER_MASK device property in Vivado Hardware Manager reflects the user scan chain setting in the design and refresh the device.  To determine the user scan chain setting in the design, open the implemented design and use 'get_property C_USER_SCAN_CHAIN [get_debug_cores dbg_hub]'.
For more details on setting the scan chain property, consult the Vivado Debug and Programming User Guide (UG908).
ERROR: [Labtoolstcl 44-513] HW Target shutdown. Closing target: localhost:3121/xilinx_tcf/Digilent/210183A6F5F6A
exit
INFO: [Common 17-206] Exiting Vivado at Mon Apr  9 05:01:36 2018...
